<?xml version="1.0" encoding="UTF-8"?>
<!-- Generated by org.testng.reporters.JUnitXMLReporter -->
<testsuite ignored="0" hostname="vkzoomin996" failures="0" tests="1" name="Test" time="0.033" errors="0" timestamp="2023-10-09T13:15:55 IST">
  <testcase classname="generic.BaseClass" name="@BeforeClass bcconfig" time="0.0">
    <failure type="java.lang.NullPointerException">
      <![CDATA[java.lang.NullPointerException
at generic.BaseClass.bcconfig(BaseClass.java:33)
at java.base/java.util.ArrayList.forEach(ArrayList.java:1541)
at java.base/java.util.concurrent.FutureTask.run(FutureTask.java:264)
at java.base/java.util.concurrent.ThreadPoolExecutor.runWorker(ThreadPoolExecutor.java:1128)
at java.base/java.util.concurrent.ThreadPoolExecutor$Worker.run(ThreadPoolExecutor.java:628)
at java.base/java.lang.Thread.run(Thread.java:834)
... Removed 16 stack frames]]>
    </failure>
  </testcase> <!-- @BeforeClass bcconfig -->
  <testcase classname="generic.BaseClass" name="@BeforeMethod bmconfig" time="-1.696837555535E9">
    <skipped/>
  </testcase> <!-- @BeforeMethod bmconfig -->
  <testcase classname="generic.BaseClass" name="@AfterMethod amconfig" time="-1.696837555539E9">
    <skipped/>
  </testcase> <!-- @AfterMethod amconfig -->
  <testcase classname="generic.BaseClass" name="@AfterClass acconfig" time="-1.69683755554E9">
    <skipped/>
  </testcase> <!-- @AfterClass acconfig -->
  <testcase classname="practice.Chro" name="launch" time="0.0">
    <skipped/>
  </testcase> <!-- launch -->
</testsuite> <!-- Test -->
