<?xml version="1.0" encoding="UTF-8"?>
<testng-results ignored="0" total="1" passed="1" failed="0" skipped="0">
  <reporter-output>
  </reporter-output>
  <suite started-at="2023-11-16T20:57:56 IST" name="Default suite" finished-at="2023-11-16T20:58:00 IST" duration-ms="4036">
    <groups>
    </groups>
    <test started-at="2023-11-16T20:57:56 IST" name="Default test" finished-at="2023-11-16T20:58:00 IST" duration-ms="4036">
      <class name="practice.GHGgg">
        <test-method signature="launch()[pri:0, instance:practice.GHGgg@693fe6c9]" started-at="2023-11-16T20:57:56 IST" name="launch" finished-at="2023-11-16T20:58:00 IST" duration-ms="3980" status="PASS">
          <reporter-output>
          </reporter-output>
        </test-method> <!-- launch -->
      </class> <!-- practice.GHGgg -->
    </test> <!-- Default test -->
  </suite> <!-- Default suite -->
</testng-results>
